app/build/intermediates/manifest_merge_blame_file/debug/processDebugMainManifest/manifest-merger-blame-debug-report.txt
1<?xml version="1.0" encoding="utf-8"?>
2<manifest xmlns:android="http://schemas.android.com/apk/res/android"
3    package="com.example.fit_nest"
4    android:versionCode="1"
5    android:versionName="1.0" >
6
7    <uses-sdk
7-->INJECTED
8        android:minSdkVersion="24"
8-->INJECTED
9        android:targetSdkVersion="36" />
9-->INJECTED
10
11    <!-- INTERNET (AI / future use) -->
12    <uses-permission android:name="android.permission.INTERNET" />
12-->src\main\AndroidManifest.xml:6:5-66
12-->src\main\AndroidManifest.xml:6:22-64
13    <uses-permission android:name="android.permission.SCHEDULE_EXACT_ALARM" />
13-->src\main\AndroidManifest.xml:7:5-78
13-->src\main\AndroidManifest.xml:7:22-76
14    <uses-permission android:name="android.permission.SET_ALARM" />
14-->src\main\AndroidManifest.xml:8:5-67
14-->src\main\AndroidManifest.xml:8:22-65
15    <uses-permission android:name="android.permission.USE_EXACT_ALARM" />
15-->src\main\AndroidManifest.xml:9:5-73
15-->src\main\AndroidManifest.xml:9:22-71
16    <uses-permission android:name="android.permission.POST_NOTIFICATIONS" />
16-->src\main\AndroidManifest.xml:10:5-77
16-->src\main\AndroidManifest.xml:10:22-74
17
18    <permission
18-->[androidx.core:core:1.9.0] AndroidManifest.xml:22:5-24:47
19        android:name="com.example.fit_nest.DYNAMIC_RECEIVER_NOT_EXPORTED_PERMISSION"
19-->[androidx.core:core:1.9.0] AndroidManifest.xml:23:9-81
20        android:protectionLevel="signature" />
20-->[androidx.core:core:1.9.0] AndroidManifest.xml:24:9-44
21
22    <uses-permission android:name="com.example.fit_nest.DYNAMIC_RECEIVER_NOT_EXPORTED_PERMISSION" />
22-->[androidx.core:core:1.9.0] AndroidManifest.xml:26:5-97
22-->[androidx.core:core:1.9.0] AndroidManifest.xml:26:22-94
23
24    <application
24-->src\main\AndroidManifest.xml:12:5-59:19
25        android:allowBackup="true"
25-->src\main\AndroidManifest.xml:13:9-35
26        android:appComponentFactory="androidx.core.app.CoreComponentFactory"
26-->[androidx.core:core:1.9.0] AndroidManifest.xml:28:18-86
27        android:dataExtractionRules="@xml/data_extraction_rules"
27-->src\main\AndroidManifest.xml:14:9-65
28        android:debuggable="true"
29        android:extractNativeLibs="false"
29-->INJECTED
30        android:fullBackupContent="@xml/backup_rules"
30-->src\main\AndroidManifest.xml:15:9-54
31        android:icon="@mipmap/ic_app"
31-->src\main\AndroidManifest.xml:16:9-38
32        android:label="@string/app_name"
32-->src\main\AndroidManifest.xml:17:9-41
33        android:roundIcon="@drawable/ic_launcher_foreground"
33-->src\main\AndroidManifest.xml:18:9-61
34        android:supportsRtl="true"
34-->src\main\AndroidManifest.xml:19:9-35
35        android:testOnly="true"
36        android:theme="@style/Theme.FITNEST" >
36-->src\main\AndroidManifest.xml:20:9-45
37
38        <!-- LOGIN (Launcher Screen) -->
39        <activity
39-->src\main\AndroidManifest.xml:24:9-31:20
40            android:name="com.example.fit_nest.LoginActivity"
40-->src\main\AndroidManifest.xml:25:13-42
41            android:exported="true" >
41-->src\main\AndroidManifest.xml:26:13-36
42            <intent-filter>
42-->src\main\AndroidManifest.xml:27:13-30:29
43                <action android:name="android.intent.action.MAIN" />
43-->src\main\AndroidManifest.xml:28:17-68
43-->src\main\AndroidManifest.xml:28:25-66
44
45                <category android:name="android.intent.category.LAUNCHER" />
45-->src\main\AndroidManifest.xml:29:17-76
45-->src\main\AndroidManifest.xml:29:27-74
46            </intent-filter>
47        </activity>
48
49        <!-- REGISTER -->
50        <activity android:name="com.example.fit_nest.SignupActivity" />
50-->src\main\AndroidManifest.xml:34:9-52
50-->src\main\AndroidManifest.xml:34:19-49
51
52        <!-- HOME / MAIN -->
53        <activity android:name="com.example.fit_nest.MainActivity" />
53-->src\main\AndroidManifest.xml:37:9-50
53-->src\main\AndroidManifest.xml:37:19-47
54
55        <!-- FITNESS -->
56        <activity android:name="com.example.fit_nest.FitnessActivity" />
56-->src\main\AndroidManifest.xml:40:9-53
56-->src\main\AndroidManifest.xml:40:19-50
57
58        <!-- DIET -->
59        <activity android:name="com.example.fit_nest.DietActivity" />
59-->src\main\AndroidManifest.xml:43:9-50
59-->src\main\AndroidManifest.xml:43:19-47
60
61        <!-- PROGRESS -->
62        <activity android:name="com.example.fit_nest.ProgressActivity" />
62-->src\main\AndroidManifest.xml:46:9-54
62-->src\main\AndroidManifest.xml:46:19-51
63
64        <!-- AI COACH -->
65        <activity android:name="com.example.fit_nest.AICoachActivity" />
65-->src\main\AndroidManifest.xml:49:9-53
65-->src\main\AndroidManifest.xml:49:19-50
66
67        <!-- REMINDER -->
68        <activity android:name="com.example.fit_nest.ReminderActivity" />
68-->src\main\AndroidManifest.xml:52:9-54
68-->src\main\AndroidManifest.xml:52:19-51
69
70        <!-- Health Safety Check -->
71        <activity android:name="com.example.fit_nest.HealthGuardActivity" />
71-->src\main\AndroidManifest.xml:55:9-56
71-->src\main\AndroidManifest.xml:55:19-54
72
73        <receiver android:name="com.example.fit_nest.ReminderReceiver" />
73-->src\main\AndroidManifest.xml:57:9-53
73-->src\main\AndroidManifest.xml:57:19-51
74
75        <provider
75-->[androidx.emoji2:emoji2:1.2.0] AndroidManifest.xml:24:9-32:20
76            android:name="androidx.startup.InitializationProvider"
76-->[androidx.emoji2:emoji2:1.2.0] AndroidManifest.xml:25:13-67
77            android:authorities="com.example.fit_nest.androidx-startup"
77-->[androidx.emoji2:emoji2:1.2.0] AndroidManifest.xml:26:13-68
78            android:exported="false" >
78-->[androidx.emoji2:emoji2:1.2.0] AndroidManifest.xml:27:13-37
79            <meta-data
79-->[androidx.emoji2:emoji2:1.2.0] AndroidManifest.xml:29:13-31:52
80                android:name="androidx.emoji2.text.EmojiCompatInitializer"
80-->[androidx.emoji2:emoji2:1.2.0] AndroidManifest.xml:30:17-75
81                android:value="androidx.startup" />
81-->[androidx.emoji2:emoji2:1.2.0] AndroidManifest.xml:31:17-49
82            <meta-data
82-->[androidx.lifecycle:lifecycle-process:2.6.1] AndroidManifest.xml:29:13-31:52
83                android:name="androidx.lifecycle.ProcessLifecycleInitializer"
83-->[androidx.lifecycle:lifecycle-process:2.6.1] AndroidManifest.xml:30:17-78
84                android:value="androidx.startup" />
84-->[androidx.lifecycle:lifecycle-process:2.6.1] AndroidManifest.xml:31:17-49
85            <meta-data
85-->[androidx.profileinstaller:profileinstaller:1.3.0] AndroidManifest.xml:29:13-31:52
86                android:name="androidx.profileinstaller.ProfileInstallerInitializer"
86-->[androidx.profileinstaller:profileinstaller:1.3.0] AndroidManifest.xml:30:17-85
87                android:value="androidx.startup" />
87-->[androidx.profileinstaller:profileinstaller:1.3.0] AndroidManifest.xml:31:17-49
88        </provider>
89
90        <receiver
90-->[androidx.profileinstaller:profileinstaller:1.3.0] AndroidManifest.xml:34:9-52:20
91            android:name="androidx.profileinstaller.ProfileInstallReceiver"
91-->[androidx.profileinstaller:profileinstaller:1.3.0] AndroidManifest.xml:35:13-76
92            android:directBootAware="false"
92-->[androidx.profileinstaller:profileinstaller:1.3.0] AndroidManifest.xml:36:13-44
93            android:enabled="true"
93-->[androidx.profileinstaller:profileinstaller:1.3.0] AndroidManifest.xml:37:13-35
94            android:exported="true"
94-->[androidx.profileinstaller:profileinstaller:1.3.0] AndroidManifest.xml:38:13-36
95            android:permission="android.permission.DUMP" >
95-->[androidx.profileinstaller:profileinstaller:1.3.0] AndroidManifest.xml:39:13-57
96            <intent-filter>
96-->[androidx.profileinstaller:profileinstaller:1.3.0] AndroidManifest.xml:40:13-42:29
97                <action android:name="androidx.profileinstaller.action.INSTALL_PROFILE" />
97-->[androidx.profileinstaller:profileinstaller:1.3.0] AndroidManifest.xml:41:17-91
97-->[androidx.profileinstaller:profileinstaller:1.3.0] AndroidManifest.xml:41:25-88
98            </intent-filter>
99            <intent-filter>
99-->[androidx.profileinstaller:profileinstaller:1.3.0] AndroidManifest.xml:43:13-45:29
100                <action android:name="androidx.profileinstaller.action.SKIP_FILE" />
100-->[androidx.profileinstaller:profileinstaller:1.3.0] AndroidManifest.xml:44:17-85
100-->[androidx.profileinstaller:profileinstaller:1.3.0] AndroidManifest.xml:44:25-82
101            </intent-filter>
102            <intent-filter>
102-->[androidx.profileinstaller:profileinstaller:1.3.0] AndroidManifest.xml:46:13-48:29
103                <action android:name="androidx.profileinstaller.action.SAVE_PROFILE" />
103-->[androidx.profileinstaller:profileinstaller:1.3.0] AndroidManifest.xml:47:17-88
103-->[androidx.profileinstaller:profileinstaller:1.3.0] AndroidManifest.xml:47:25-85
104            </intent-filter>
105            <intent-filter>
105-->[androidx.profileinstaller:profileinstaller:1.3.0] AndroidManifest.xml:49:13-51:29
106                <action android:name="androidx.profileinstaller.action.BENCHMARK_OPERATION" />
106-->[androidx.profileinstaller:profileinstaller:1.3.0] AndroidManifest.xml:50:17-95
106-->[androidx.profileinstaller:profileinstaller:1.3.0] AndroidManifest.xml:50:25-92
107            </intent-filter>
108        </receiver>
109    </application>
110
111</manifest>